<?xml version="1.0" encoding="UTF-8"?>
<!-- Generated by org.testng.reporters.JUnitXMLReporter -->
<testsuite ignored="0" hostname="DESKTOP-1R01KR8" failures="0" tests="4" name="Surefire test" time="52.818" errors="0" timestamp="2025-10-30T00:26:12 IST">
  <testcase classname="tests.BannerBuzzPriceTest" name="fetchProductPrice" time="8.654"/>
  <testcase classname="tests.BannerBuzzPriceTest" name="fetchProductPrice" time="4.265"/>
  <testcase classname="tests.BannerBuzzPriceTest" name="fetchProductPrice" time="3.489"/>
  <testcase classname="tests.ProductPriceTest" name="extractProductPrices" time="30.808"/>
</testsuite> <!-- Surefire test -->
