<?xml version="1.0" encoding="UTF-8"?>
<testsuite xmlns:xsi="http://www.w3.org/2001/XMLSchema-instance" xsi:noNamespaceSchemaLocation="https://maven.apache.org/surefire/maven-surefire-plugin/xsd/surefire-test-report-3.0.xsd" version="3.0" name="TestSuite" time="53.732" tests="4" errors="0" skipped="0" failures="0">
  <properties>
[...]
</properties>
  <testcase name="fetchProductPrice[https://www.bannerbuzz.com/step-and-repeat-banners/p](1)" classname="tests.BannerBuzzPriceTest" time="8.658">
    <system-out><![CDATA[2025-10-29T18:55:22.888009Z main ERROR Log4j2 could not find a logging implementation. Please add log4j-core to the classpath. Using SimpleLogger to log to the console...
Fetched price for https://www.bannerbuzz.com/step-and-repeat-banners/p: 6.99
]]></system-out>
    <system-err><![CDATA[SLF4J(W): No SLF4J providers were found.
SLF4J(W): Defaulting to no-operation (NOP) logger implementation
SLF4J(W): See https://www.slf4j.org/codes.html#noProviders for further details.
Oct 30, 2025 12:25:22 AM org.openqa.selenium.devtools.CdpVersionFinder findNearestMatch
WARNING: Unable to find CDP implementation matching 141
Oct 30, 2025 12:25:22 AM org.openqa.selenium.chromium.ChromiumDriver lambda$new$5
WARNING: Unable to find version of CDP to use for 141.0.7390.123. You may need to include a dependency on a specific version of the CDP using something similar to `org.seleniumhq.selenium:selenium-devtools-v86:4.23.0` where the version ("v86") matches the version of the chromium-based browser you're using and the version number of the artifact is the same as Selenium's.
]]></system-err>
  </testcase>
  <testcase name="fetchProductPrice[https://www.bannerbuzz.com/feather-flags/p](2)" classname="tests.BannerBuzzPriceTest" time="4.261">
    <system-out><![CDATA[Fetched price for https://www.bannerbuzz.com/feather-flags/p: 35.99
]]></system-out>
  </testcase>
  <testcase name="fetchProductPrice[https://www.bannerbuzz.com/trade-show-canopy-kit/p](3)" classname="tests.BannerBuzzPriceTest" time="3.489">
    <system-out><![CDATA[Fetched price for https://www.bannerbuzz.com/trade-show-canopy-kit/p: 1520.00
]]></system-out>
  </testcase>
  <testcase name="extractProductPrices" classname="tests.ProductPriceTest" time="30.809">
    <system-out><![CDATA[URL: https://www.bannerbuzz.com/step-and-repeat-banners/p | Price: 6.99
URL: https://www.bannerbuzz.com/feather-flags/p | Price: 35.99
URL: https://www.bannerbuzz.com/trade-show-canopy-kit/p | Price: 1520.00
]]></system-out>
    <system-err><![CDATA[Oct 30, 2025 12:25:44 AM org.openqa.selenium.devtools.CdpVersionFinder findNearestMatch
WARNING: Unable to find CDP implementation matching 141
Oct 30, 2025 12:25:44 AM org.openqa.selenium.chromium.ChromiumDriver lambda$new$5
WARNING: Unable to find version of CDP to use for 141.0.7390.123. You may need to include a dependency on a specific version of the CDP using something similar to `org.seleniumhq.selenium:selenium-devtools-v86:4.23.0` where the version ("v86") matches the version of the chromium-based browser you're using and the version number of the artifact is the same as Selenium's.
]]></system-err>
  </testcase>
</testsuite>