<?xml version="1.0" encoding="UTF-8"?>
<testng-results ignored="0" total="1" passed="1" failed="0" skipped="0">
  <reporter-output>
  </reporter-output>
  <suite started-at="2025-10-29T03:07:47 IST" name="Surefire suite" finished-at="2025-10-29T03:08:34 IST" duration-ms="47615">
    <groups>
    </groups>
    <test started-at="2025-10-29T03:07:47 IST" name="Surefire test" finished-at="2025-10-29T03:08:34 IST" duration-ms="47615">
      <class name="tests.ProductPriceTest">
        <test-method signature="extractProductPrices()[pri:0, instance:tests.ProductPriceTest@6ac13091]" started-at="2025-10-29T03:07:47 IST" name="extractProductPrices" finished-at="2025-10-29T03:08:34 IST" duration-ms="47534" status="PASS">
          <reporter-output>
          </reporter-output>
        </test-method> <!-- extractProductPrices -->
      </class> <!-- tests.ProductPriceTest -->
    </test> <!-- Surefire test -->
  </suite> <!-- Surefire suite -->
</testng-results>
