<?xml version="1.0" encoding="UTF-8"?>
<testng-results ignored="0" total="4" passed="4" failed="0" skipped="0">
  <reporter-output>
  </reporter-output>
  <suite started-at="2025-10-30T00:25:19 IST" name="Surefire suite" finished-at="2025-10-30T00:26:12 IST" duration-ms="52818">
    <groups>
    </groups>
    <test started-at="2025-10-30T00:25:19 IST" name="Surefire test" finished-at="2025-10-30T00:26:12 IST" duration-ms="52818">
      <class name="tests.ProductPriceTest">
        <test-method signature="extractProductPrices()[pri:0, instance:tests.ProductPriceTest@30ee2816]" started-at="2025-10-30T00:25:41 IST" name="extractProductPrices" finished-at="2025-10-30T00:26:12 IST" duration-ms="30808" status="PASS">
          <reporter-output>
          </reporter-output>
        </test-method> <!-- extractProductPrices -->
      </class> <!-- tests.ProductPriceTest -->
      <class name="tests.BannerBuzzPriceTest">
        <test-method is-config="true" signature="setup()[pri:0, instance:tests.BannerBuzzPriceTest@9353778]" started-at="2025-10-30T00:25:19 IST" name="setup" finished-at="2025-10-30T00:25:22 IST" duration-ms="2996" status="PASS">
          <reporter-output>
          </reporter-output>
        </test-method> <!-- setup -->
        <test-method signature="fetchProductPrice(java.lang.String)[pri:0, instance:tests.BannerBuzzPriceTest@9353778]" started-at="2025-10-30T00:25:24 IST" name="fetchProductPrice" data-provider="productData" finished-at="2025-10-30T00:25:32 IST" duration-ms="8654" status="PASS">
          <params>
            <param index="0">
              <value>
                <![CDATA[https://www.bannerbuzz.com/step-and-repeat-banners/p]]>
              </value>
            </param>
          </params>
          <reporter-output>
          </reporter-output>
        </test-method> <!-- fetchProductPrice -->
        <test-method signature="fetchProductPrice(java.lang.String)[pri:0, instance:tests.BannerBuzzPriceTest@9353778]" started-at="2025-10-30T00:25:32 IST" name="fetchProductPrice" data-provider="productData" finished-at="2025-10-30T00:25:37 IST" duration-ms="4265" status="PASS">
          <params>
            <param index="0">
              <value>
                <![CDATA[https://www.bannerbuzz.com/feather-flags/p]]>
              </value>
            </param>
          </params>
          <reporter-output>
          </reporter-output>
        </test-method> <!-- fetchProductPrice -->
        <test-method signature="fetchProductPrice(java.lang.String)[pri:0, instance:tests.BannerBuzzPriceTest@9353778]" started-at="2025-10-30T00:25:37 IST" name="fetchProductPrice" data-provider="productData" finished-at="2025-10-30T00:25:40 IST" duration-ms="3489" status="PASS">
          <params>
            <param index="0">
              <value>
                <![CDATA[https://www.bannerbuzz.com/trade-show-canopy-kit/p]]>
              </value>
            </param>
          </params>
          <reporter-output>
          </reporter-output>
        </test-method> <!-- fetchProductPrice -->
        <test-method is-config="true" signature="tearDown()[pri:0, instance:tests.BannerBuzzPriceTest@9353778]" started-at="2025-10-30T00:25:40 IST" name="tearDown" finished-at="2025-10-30T00:25:41 IST" duration-ms="1038" status="PASS">
          <reporter-output>
          </reporter-output>
        </test-method> <!-- tearDown -->
      </class> <!-- tests.BannerBuzzPriceTest -->
    </test> <!-- Surefire test -->
  </suite> <!-- Surefire suite -->
</testng-results>
